<?xml version="1.0" encoding="UTF-8"?>
<coverage generated="1667769076904" clover="3.2.0">
  <project timestamp="1667769076904" name="All files">
    <metrics statements="22" coveredstatements="22" conditionals="4" coveredconditionals="2" methods="15" coveredmethods="13" elements="41" coveredelements="37" complexity="0" loc="22" ncloc="22" packages="5" files="6" classes="6"/>
    <package name="Components.Content.Checkout">
      <metrics statements="8" coveredstatements="8" conditionals="0" coveredconditionals="0" methods="2" coveredmethods="2"/>
      <file name="Checkout.jsx" path="C:\Users\rjmom\Documents\GitHub\2022-mantine-vite-final-ingenieria\client\src\Components\Content\Checkout\Checkout.jsx">
        <metrics statements="8" coveredstatements="8" conditionals="0" coveredconditionals="0" methods="2" coveredmethods="2"/>
        <line num="16" count="4" type="stmt"/>
        <line num="18" count="4" type="stmt"/>
        <line num="33" count="4" type="stmt"/>
        <line num="34" count="2" type="stmt"/>
        <line num="35" count="2" type="stmt"/>
        <line num="38" count="2" type="stmt"/>
        <line num="39" count="2" type="stmt"/>
        <line num="41" count="2" type="stmt"/>
      </file>
    </package>
    <package name="Components.Content.Productos">
      <metrics statements="6" coveredstatements="6" conditionals="4" coveredconditionals="2" methods="5" coveredmethods="3"/>
      <file name="Productos.jsx" path="C:\Users\rjmom\Documents\GitHub\2022-mantine-vite-final-ingenieria\client\src\Components\Content\Productos\Productos.jsx">
        <metrics statements="1" coveredstatements="1" conditionals="2" coveredconditionals="1" methods="1" coveredmethods="1"/>
        <line num="6" count="1" type="stmt"/>
      </file>
      <file name="carnes.jsx" path="C:\Users\rjmom\Documents\GitHub\2022-mantine-vite-final-ingenieria\client\src\Components\Content\Productos\carnes.jsx">
        <metrics statements="5" coveredstatements="5" conditionals="2" coveredconditionals="1" methods="4" coveredmethods="2"/>
        <line num="22" count="4" type="stmt"/>
        <line num="51" count="4" type="stmt"/>
        <line num="53" count="4" type="stmt"/>
        <line num="54" count="4" type="cond" truecount="1" falsecount="1"/>
        <line num="59" count="4" type="stmt"/>
      </file>
    </package>
    <package name="Components.Content.Supermercados">
      <metrics statements="1" coveredstatements="1" conditionals="0" coveredconditionals="0" methods="1" coveredmethods="1"/>
      <file name="Supermercados.jsx" path="C:\Users\rjmom\Documents\GitHub\2022-mantine-vite-final-ingenieria\client\src\Components\Content\Supermercados\Supermercados.jsx">
        <metrics statements="1" coveredstatements="1" conditionals="0" coveredconditionals="0" methods="1" coveredmethods="1"/>
        <line num="21" count="1" type="stmt"/>
      </file>
    </package>
    <package name="Components.Header">
      <metrics statements="1" coveredstatements="1" conditionals="0" coveredconditionals="0" methods="1" coveredmethods="1"/>
      <file name="HeaderComponent.jsx" path="C:\Users\rjmom\Documents\GitHub\2022-mantine-vite-final-ingenieria\client\src\Components\Header\HeaderComponent.jsx">
        <metrics statements="1" coveredstatements="1" conditionals="0" coveredconditionals="0" methods="1" coveredmethods="1"/>
        <line num="29" count="1" type="stmt"/>
      </file>
    </package>
    <package name="utils">
      <metrics statements="6" coveredstatements="6" conditionals="0" coveredconditionals="0" methods="6" coveredmethods="6"/>
      <file name="metodosAritmeticos.jsx" path="C:\Users\rjmom\Documents\GitHub\2022-mantine-vite-final-ingenieria\client\src\utils\metodosAritmeticos.jsx">
        <metrics statements="6" coveredstatements="6" conditionals="0" coveredconditionals="0" methods="6" coveredmethods="6"/>
        <line num="2" count="3" type="stmt"/>
        <line num="4" count="4" type="stmt"/>
        <line num="6" count="2" type="stmt"/>
        <line num="8" count="2" type="stmt"/>
        <line num="10" count="2" type="stmt"/>
        <line num="12" count="2" type="stmt"/>
      </file>
    </package>
  </project>
</coverage>
