<?xml version="1.0" encoding="UTF-8"?>
<coverage generated="1664217705377" clover="3.2.0">
  <project timestamp="1664217705378" name="All files">
    <metrics statements="2" coveredstatements="2" conditionals="4" coveredconditionals="2" methods="2" coveredmethods="2" elements="8" coveredelements="6" complexity="0" loc="2" ncloc="2" packages="1" files="1" classes="1"/>
    <file name="metodos.jsx" path="C:\Users\rjmom\Documents\GitHub\2022-mantine-vite-final-ingenieria\client\src\utils\metodos.jsx">
      <metrics statements="2" coveredstatements="2" conditionals="4" coveredconditionals="2" methods="2" coveredmethods="2"/>
      <line num="2" count="1" type="cond" truecount="1" falsecount="1"/>
      <line num="4" count="2" type="cond" truecount="1" falsecount="1"/>
    </file>
  </project>
</coverage>
