{"C:\\Users\\rjmom\\Documents\\GitHub\\2022-mantine-vite-final-ingenieria\\client\\src\\Components\\Content\\Checkout\\Checkout.jsx": {"path":"C:\\Users\\rjmom\\Documents\\GitHub\\2022-mantine-vite-final-ingenieria\\client\\src\\Components\\Content\\Checkout\\Checkout.jsx","statementMap":{"0":{"start":{"line":16,"column":40},"end":{"line":16,"column":51}},"1":{"start":{"line":18,"column":48},"end":{"line":18,"column":63}},"2":{"start":{"line":33,"column":2},"end":{"line":42,"column":13}},"3":{"start":{"line":34,"column":19},"end":{"line":34,"column":22}},"4":{"start":{"line":35,"column":4},"end":{"line":40,"column":5}},"5":{"start":{"line":35,"column":17},"end":{"line":35,"column":18}},"6":{"start":{"line":38,"column":22},"end":{"line":38,"column":30}},"7":{"start":{"line":39,"column":6},"end":{"line":39,"column":93}},"8":{"start":{"line":41,"column":4},"end":{"line":41,"column":39}}},"fnMap":{"0":{"name":"Checkout","decl":{"start":{"line":15,"column":9},"end":{"line":15,"column":17}},"loc":{"start":{"line":15,"column":43},"end":{"line":501,"column":1}},"line":15},"1":{"name":"(anonymous_1)","decl":{"start":{"line":33,"column":12},"end":{"line":33,"column":13}},"loc":{"start":{"line":33,"column":18},"end":{"line":42,"column":3}},"line":33}},"branchMap":{},"s":{"0":4,"1":4,"2":4,"3":2,"4":2,"5":2,"6":2,"7":2,"8":2},"f":{"0":4,"1":2},"b":{},"_coverageSchema":"1a1c01bbd47fc00a2c39e90264f33305004495a9","hash":"306afcdda433672248656b170792688677a02be4"}
,"C:\\Users\\rjmom\\Documents\\GitHub\\2022-mantine-vite-final-ingenieria\\client\\src\\Components\\Content\\Productos\\Productos.jsx": {"path":"C:\\Users\\rjmom\\Documents\\GitHub\\2022-mantine-vite-final-ingenieria\\client\\src\\Components\\Content\\Productos\\Productos.jsx","statementMap":{"0":{"start":{"line":6,"column":2},"end":{"line":15,"column":3}}},"fnMap":{"0":{"name":"Productos","decl":{"start":{"line":5,"column":9},"end":{"line":5,"column":18}},"loc":{"start":{"line":5,"column":44},"end":{"line":16,"column":1}},"line":5}},"branchMap":{"0":{"loc":{"start":{"line":9,"column":4},"end":{"line":11,"column":15}},"type":"cond-expr","locations":[{"start":{"line":10,"column":11},"end":{"line":10,"column":24}},{"start":{"line":11,"column":11},"end":{"line":11,"column":15}}],"line":9}},"s":{"0":1},"f":{"0":1},"b":{"0":[1,0]},"_coverageSchema":"1a1c01bbd47fc00a2c39e90264f33305004495a9","hash":"a9b6f19e461e9522e8547b0f3d9968e29267bff4"}
,"C:\\Users\\rjmom\\Documents\\GitHub\\2022-mantine-vite-final-ingenieria\\client\\src\\Components\\Content\\Productos\\carnes.jsx": {"path":"C:\\Users\\rjmom\\Documents\\GitHub\\2022-mantine-vite-final-ingenieria\\client\\src\\Components\\Content\\Productos\\carnes.jsx","statementMap":{"0":{"start":{"line":22,"column":40},"end":{"line":49,"column":3}},"1":{"start":{"line":51,"column":52},"end":{"line":51,"column":70}},"2":{"start":{"line":53,"column":2},"end":{"line":57,"column":25}},"3":{"start":{"line":54,"column":4},"end":{"line":56,"column":5}},"4":{"start":{"line":59,"column":31},"end":{"line":69,"column":3}},"5":{"start":{"line":59,"column":43},"end":{"line":69,"column":3}}},"fnMap":{"0":{"name":"Democarta","decl":{"start":{"line":18,"column":9},"end":{"line":18,"column":18}},"loc":{"start":{"line":18,"column":33},"end":{"line":216,"column":1}},"line":18},"1":{"name":"(anonymous_1)","decl":{"start":{"line":53,"column":12},"end":{"line":53,"column":13}},"loc":{"start":{"line":53,"column":18},"end":{"line":57,"column":3}},"line":53},"2":{"name":"(anonymous_2)","decl":{"start":{"line":59,"column":31},"end":{"line":59,"column":32}},"loc":{"start":{"line":59,"column":43},"end":{"line":69,"column":3}},"line":59},"3":{"name":"(anonymous_3)","decl":{"start":{"line":59,"column":43},"end":{"line":59,"column":44}},"loc":{"start":{"line":59,"column":50},"end":{"line":69,"column":3}},"line":59}},"branchMap":{"0":{"loc":{"start":{"line":54,"column":4},"end":{"line":56,"column":5}},"type":"if","locations":[{"start":{"line":54,"column":4},"end":{"line":56,"column":5}},{"start":{},"end":{}}],"line":54}},"s":{"0":4,"1":4,"2":4,"3":4,"4":4,"5":0},"f":{"0":4,"1":4,"2":0,"3":0},"b":{"0":[0,4]},"_coverageSchema":"1a1c01bbd47fc00a2c39e90264f33305004495a9","hash":"df49952609357fae66a48265a98427b69e8a713d"}
,"C:\\Users\\rjmom\\Documents\\GitHub\\2022-mantine-vite-final-ingenieria\\client\\src\\Components\\Content\\Supermercados\\Supermercados.jsx": {"path":"C:\\Users\\rjmom\\Documents\\GitHub\\2022-mantine-vite-final-ingenieria\\client\\src\\Components\\Content\\Supermercados\\Supermercados.jsx","statementMap":{"0":{"start":{"line":21,"column":17},"end":{"line":34,"column":1}}},"fnMap":{"0":{"name":"Supermercados","decl":{"start":{"line":36,"column":9},"end":{"line":36,"column":22}},"loc":{"start":{"line":38,"column":3},"end":{"line":73,"column":1}},"line":38}},"branchMap":{},"s":{"0":1},"f":{"0":1},"b":{},"_coverageSchema":"1a1c01bbd47fc00a2c39e90264f33305004495a9","hash":"6f07d772a07780204f0b492ae4bcb68699f1d83b"}
,"C:\\Users\\rjmom\\Documents\\GitHub\\2022-mantine-vite-final-ingenieria\\client\\src\\Components\\Header\\HeaderComponent.jsx": {"path":"C:\\Users\\rjmom\\Documents\\GitHub\\2022-mantine-vite-final-ingenieria\\client\\src\\Components\\Header\\HeaderComponent.jsx","statementMap":{"0":{"start":{"line":29,"column":38},"end":{"line":29,"column":53}}},"fnMap":{"0":{"name":"HeaderComponent","decl":{"start":{"line":28,"column":9},"end":{"line":28,"column":24}},"loc":{"start":{"line":28,"column":54},"end":{"line":130,"column":1}},"line":28}},"branchMap":{},"s":{"0":1},"f":{"0":1},"b":{},"_coverageSchema":"1a1c01bbd47fc00a2c39e90264f33305004495a9","hash":"9fcf05481c51265eee992b97b42d8d3e5c9766c6"}
,"C:\\Users\\rjmom\\Documents\\GitHub\\2022-mantine-vite-final-ingenieria\\client\\src\\utils\\metodosAritmeticos.jsx": {"path":"C:\\Users\\rjmom\\Documents\\GitHub\\2022-mantine-vite-final-ingenieria\\client\\src\\utils\\metodosAritmeticos.jsx","statementMap":{"0":{"start":{"line":2,"column":14},"end":{"line":2,"column":32}},"1":{"start":{"line":2,"column":26},"end":{"line":2,"column":31}},"2":{"start":{"line":4,"column":23},"end":{"line":4,"column":41}},"3":{"start":{"line":4,"column":35},"end":{"line":4,"column":40}},"4":{"start":{"line":6,"column":21},"end":{"line":6,"column":39}},"5":{"start":{"line":6,"column":33},"end":{"line":6,"column":38}},"6":{"start":{"line":8,"column":19},"end":{"line":8,"column":37}},"7":{"start":{"line":8,"column":31},"end":{"line":8,"column":36}},"8":{"start":{"line":10,"column":15},"end":{"line":10,"column":33}},"9":{"start":{"line":10,"column":27},"end":{"line":10,"column":32}},"10":{"start":{"line":12,"column":17},"end":{"line":12,"column":36}},"11":{"start":{"line":12,"column":29},"end":{"line":12,"column":35}}},"fnMap":{"0":{"name":"(anonymous_0)","decl":{"start":{"line":2,"column":14},"end":{"line":2,"column":15}},"loc":{"start":{"line":2,"column":26},"end":{"line":2,"column":31}},"line":2},"1":{"name":"(anonymous_1)","decl":{"start":{"line":4,"column":23},"end":{"line":4,"column":24}},"loc":{"start":{"line":4,"column":35},"end":{"line":4,"column":40}},"line":4},"2":{"name":"(anonymous_2)","decl":{"start":{"line":6,"column":21},"end":{"line":6,"column":22}},"loc":{"start":{"line":6,"column":33},"end":{"line":6,"column":38}},"line":6},"3":{"name":"(anonymous_3)","decl":{"start":{"line":8,"column":19},"end":{"line":8,"column":20}},"loc":{"start":{"line":8,"column":31},"end":{"line":8,"column":36}},"line":8},"4":{"name":"(anonymous_4)","decl":{"start":{"line":10,"column":15},"end":{"line":10,"column":16}},"loc":{"start":{"line":10,"column":27},"end":{"line":10,"column":32}},"line":10},"5":{"name":"(anonymous_5)","decl":{"start":{"line":12,"column":17},"end":{"line":12,"column":18}},"loc":{"start":{"line":12,"column":29},"end":{"line":12,"column":35}},"line":12}},"branchMap":{},"s":{"0":2,"1":3,"2":2,"3":4,"4":2,"5":2,"6":2,"7":2,"8":2,"9":2,"10":2,"11":2},"f":{"0":3,"1":4,"2":2,"3":2,"4":2,"5":2},"b":{},"_coverageSchema":"1a1c01bbd47fc00a2c39e90264f33305004495a9","hash":"fc516f229ce3149425954277f9cbc3809f1c62c0"}
}
