{"C:\\Users\\pablo\\OneDrive\\Documentos\\GitHub\\2022-mantine-vite-final-ingenieria\\client\\src\\Components\\Content\\Checkout\\Checkout.jsx": {"path":"C:\\Users\\pablo\\OneDrive\\Documentos\\GitHub\\2022-mantine-vite-final-ingenieria\\client\\src\\Components\\Content\\Checkout\\Checkout.jsx","statementMap":{"0":{"start":{"line":16,"column":40},"end":{"line":16,"column":51}},"1":{"start":{"line":18,"column":48},"end":{"line":18,"column":63}},"2":{"start":{"line":20,"column":21},"end":{"line":30,"column":4}},"3":{"start":{"line":21,"column":4},"end":{"line":29,"column":5}},"4":{"start":{"line":22,"column":6},"end":{"line":28,"column":7}},"5":{"start":{"line":32,"column":2},"end":{"line":41,"column":13}},"6":{"start":{"line":33,"column":19},"end":{"line":33,"column":22}},"7":{"start":{"line":34,"column":4},"end":{"line":39,"column":5}},"8":{"start":{"line":34,"column":17},"end":{"line":34,"column":18}},"9":{"start":{"line":37,"column":22},"end":{"line":37,"column":30}},"10":{"start":{"line":38,"column":6},"end":{"line":38,"column":93}},"11":{"start":{"line":40,"column":4},"end":{"line":40,"column":39}}},"fnMap":{"0":{"name":"Checkout","decl":{"start":{"line":15,"column":9},"end":{"line":15,"column":17}},"loc":{"start":{"line":15,"column":43},"end":{"line":500,"column":1}},"line":15},"1":{"name":"(anonymous_1)","decl":{"start":{"line":20,"column":31},"end":{"line":20,"column":32}},"loc":{"start":{"line":20,"column":41},"end":{"line":30,"column":3}},"line":20},"2":{"name":"(anonymous_2)","decl":{"start":{"line":32,"column":12},"end":{"line":32,"column":13}},"loc":{"start":{"line":32,"column":18},"end":{"line":41,"column":3}},"line":32}},"branchMap":{"0":{"loc":{"start":{"line":21,"column":4},"end":{"line":29,"column":5}},"type":"if","locations":[{"start":{"line":21,"column":4},"end":{"line":29,"column":5}},{"start":{},"end":{}}],"line":21}},"s":{"0":4,"1":4,"2":4,"3":4,"4":4,"5":4,"6":2,"7":2,"8":2,"9":2,"10":2,"11":2},"f":{"0":4,"1":4,"2":2},"b":{"0":[4,0]},"_coverageSchema":"1a1c01bbd47fc00a2c39e90264f33305004495a9","hash":"250cd140bd4f0a50f7f8c669b20ce8f3d146242d"}
,"C:\\Users\\pablo\\OneDrive\\Documentos\\GitHub\\2022-mantine-vite-final-ingenieria\\client\\src\\Components\\Content\\Productos\\Productos.jsx": {"path":"C:\\Users\\pablo\\OneDrive\\Documentos\\GitHub\\2022-mantine-vite-final-ingenieria\\client\\src\\Components\\Content\\Productos\\Productos.jsx","statementMap":{"0":{"start":{"line":6,"column":2},"end":{"line":15,"column":3}}},"fnMap":{"0":{"name":"Productos","decl":{"start":{"line":5,"column":9},"end":{"line":5,"column":18}},"loc":{"start":{"line":5,"column":44},"end":{"line":16,"column":1}},"line":5}},"branchMap":{"0":{"loc":{"start":{"line":9,"column":4},"end":{"line":11,"column":15}},"type":"cond-expr","locations":[{"start":{"line":10,"column":11},"end":{"line":10,"column":24}},{"start":{"line":11,"column":11},"end":{"line":11,"column":15}}],"line":9}},"s":{"0":1},"f":{"0":1},"b":{"0":[1,0]},"_coverageSchema":"1a1c01bbd47fc00a2c39e90264f33305004495a9","hash":"8895f3a92478849141546129526ca9ba00d1fc19"}
,"C:\\Users\\pablo\\OneDrive\\Documentos\\GitHub\\2022-mantine-vite-final-ingenieria\\client\\src\\Components\\Content\\Productos\\carnes.jsx": {"path":"C:\\Users\\pablo\\OneDrive\\Documentos\\GitHub\\2022-mantine-vite-final-ingenieria\\client\\src\\Components\\Content\\Productos\\carnes.jsx","statementMap":{"0":{"start":{"line":22,"column":40},"end":{"line":49,"column":3}},"1":{"start":{"line":51,"column":52},"end":{"line":51,"column":70}},"2":{"start":{"line":53,"column":2},"end":{"line":57,"column":25}},"3":{"start":{"line":54,"column":4},"end":{"line":56,"column":5}},"4":{"start":{"line":59,"column":31},"end":{"line":69,"column":3}},"5":{"start":{"line":59,"column":43},"end":{"line":69,"column":3}}},"fnMap":{"0":{"name":"Democarta","decl":{"start":{"line":18,"column":9},"end":{"line":18,"column":18}},"loc":{"start":{"line":18,"column":33},"end":{"line":216,"column":1}},"line":18},"1":{"name":"(anonymous_1)","decl":{"start":{"line":53,"column":12},"end":{"line":53,"column":13}},"loc":{"start":{"line":53,"column":18},"end":{"line":57,"column":3}},"line":53},"2":{"name":"(anonymous_2)","decl":{"start":{"line":59,"column":31},"end":{"line":59,"column":32}},"loc":{"start":{"line":59,"column":43},"end":{"line":69,"column":3}},"line":59},"3":{"name":"(anonymous_3)","decl":{"start":{"line":59,"column":43},"end":{"line":59,"column":44}},"loc":{"start":{"line":59,"column":50},"end":{"line":69,"column":3}},"line":59}},"branchMap":{"0":{"loc":{"start":{"line":54,"column":4},"end":{"line":56,"column":5}},"type":"if","locations":[{"start":{"line":54,"column":4},"end":{"line":56,"column":5}},{"start":{},"end":{}}],"line":54}},"s":{"0":4,"1":4,"2":4,"3":4,"4":4,"5":0},"f":{"0":4,"1":4,"2":0,"3":0},"b":{"0":[0,4]},"_coverageSchema":"1a1c01bbd47fc00a2c39e90264f33305004495a9","hash":"c77d07067048f6b111e3f75440e05e2ce4b18e5f"}
,"C:\\Users\\pablo\\OneDrive\\Documentos\\GitHub\\2022-mantine-vite-final-ingenieria\\client\\src\\Components\\Content\\Supermercados\\Supermercados.jsx": {"path":"C:\\Users\\pablo\\OneDrive\\Documentos\\GitHub\\2022-mantine-vite-final-ingenieria\\client\\src\\Components\\Content\\Supermercados\\Supermercados.jsx","statementMap":{"0":{"start":{"line":21,"column":17},"end":{"line":34,"column":1}},"1":{"start":{"line":44,"column":2},"end":{"line":72,"column":3}},"2":{"start":{"line":61,"column":14},"end":{"line":66,"column":20}},"3":{"start":{"line":63,"column":18},"end":{"line":63,"column":33}}},"fnMap":{"0":{"name":"Supermercados","decl":{"start":{"line":36,"column":9},"end":{"line":36,"column":22}},"loc":{"start":{"line":38,"column":3},"end":{"line":73,"column":1}},"line":38},"1":{"name":"(anonymous_1)","decl":{"start":{"line":60,"column":26},"end":{"line":60,"column":27}},"loc":{"start":{"line":61,"column":14},"end":{"line":66,"column":20}},"line":61},"2":{"name":"(anonymous_2)","decl":{"start":{"line":62,"column":30},"end":{"line":62,"column":31}},"loc":{"start":{"line":63,"column":18},"end":{"line":63,"column":33}},"line":63}},"branchMap":{},"s":{"0":1,"1":1,"2":12,"3":0},"f":{"0":1,"1":12,"2":0},"b":{},"_coverageSchema":"1a1c01bbd47fc00a2c39e90264f33305004495a9","hash":"421c8ee1f7d22e90b4a0b6dda3228cf55abfc10c"}
,"C:\\Users\\pablo\\OneDrive\\Documentos\\GitHub\\2022-mantine-vite-final-ingenieria\\client\\src\\Components\\Header\\HeaderComponent.jsx": {"path":"C:\\Users\\pablo\\OneDrive\\Documentos\\GitHub\\2022-mantine-vite-final-ingenieria\\client\\src\\Components\\Header\\HeaderComponent.jsx","statementMap":{"0":{"start":{"line":29,"column":38},"end":{"line":29,"column":53}}},"fnMap":{"0":{"name":"HeaderComponent","decl":{"start":{"line":28,"column":9},"end":{"line":28,"column":24}},"loc":{"start":{"line":28,"column":54},"end":{"line":130,"column":1}},"line":28}},"branchMap":{},"s":{"0":1},"f":{"0":1},"b":{},"_coverageSchema":"1a1c01bbd47fc00a2c39e90264f33305004495a9","hash":"f04e3fd0f1a4aa38a9aff04ca0fb2bea8af970f1"}
,"C:\\Users\\pablo\\OneDrive\\Documentos\\GitHub\\2022-mantine-vite-final-ingenieria\\client\\src\\utils\\metodosAritmeticos.jsx": {"path":"C:\\Users\\pablo\\OneDrive\\Documentos\\GitHub\\2022-mantine-vite-final-ingenieria\\client\\src\\utils\\metodosAritmeticos.jsx","statementMap":{"0":{"start":{"line":2,"column":14},"end":{"line":2,"column":32}},"1":{"start":{"line":2,"column":26},"end":{"line":2,"column":31}},"2":{"start":{"line":4,"column":23},"end":{"line":4,"column":41}},"3":{"start":{"line":4,"column":35},"end":{"line":4,"column":40}},"4":{"start":{"line":6,"column":21},"end":{"line":6,"column":39}},"5":{"start":{"line":6,"column":33},"end":{"line":6,"column":38}},"6":{"start":{"line":8,"column":19},"end":{"line":8,"column":37}},"7":{"start":{"line":8,"column":31},"end":{"line":8,"column":36}},"8":{"start":{"line":10,"column":15},"end":{"line":10,"column":33}},"9":{"start":{"line":10,"column":27},"end":{"line":10,"column":32}},"10":{"start":{"line":12,"column":17},"end":{"line":12,"column":36}},"11":{"start":{"line":12,"column":29},"end":{"line":12,"column":35}},"12":{"start":{"line":15,"column":2},"end":{"line":15,"column":19}},"13":{"start":{"line":15,"column":13},"end":{"line":15,"column":19}},"14":{"start":{"line":16,"column":2},"end":{"line":16,"column":21}},"15":{"start":{"line":16,"column":13},"end":{"line":16,"column":21}},"16":{"start":{"line":17,"column":2},"end":{"line":17,"column":31}},"17":{"start":{"line":20,"column":18},"end":{"line":20,"column":41}},"18":{"start":{"line":20,"column":27},"end":{"line":20,"column":40}}},"fnMap":{"0":{"name":"(anonymous_0)","decl":{"start":{"line":2,"column":14},"end":{"line":2,"column":15}},"loc":{"start":{"line":2,"column":26},"end":{"line":2,"column":31}},"line":2},"1":{"name":"(anonymous_1)","decl":{"start":{"line":4,"column":23},"end":{"line":4,"column":24}},"loc":{"start":{"line":4,"column":35},"end":{"line":4,"column":40}},"line":4},"2":{"name":"(anonymous_2)","decl":{"start":{"line":6,"column":21},"end":{"line":6,"column":22}},"loc":{"start":{"line":6,"column":33},"end":{"line":6,"column":38}},"line":6},"3":{"name":"(anonymous_3)","decl":{"start":{"line":8,"column":19},"end":{"line":8,"column":20}},"loc":{"start":{"line":8,"column":31},"end":{"line":8,"column":36}},"line":8},"4":{"name":"(anonymous_4)","decl":{"start":{"line":10,"column":15},"end":{"line":10,"column":16}},"loc":{"start":{"line":10,"column":27},"end":{"line":10,"column":32}},"line":10},"5":{"name":"(anonymous_5)","decl":{"start":{"line":12,"column":17},"end":{"line":12,"column":18}},"loc":{"start":{"line":12,"column":29},"end":{"line":12,"column":35}},"line":12},"6":{"name":"factorial1","decl":{"start":{"line":14,"column":9},"end":{"line":14,"column":19}},"loc":{"start":{"line":14,"column":23},"end":{"line":18,"column":1}},"line":14},"7":{"name":"(anonymous_7)","decl":{"start":{"line":20,"column":18},"end":{"line":20,"column":19}},"loc":{"start":{"line":20,"column":27},"end":{"line":20,"column":40}},"line":20}},"branchMap":{"0":{"loc":{"start":{"line":15,"column":2},"end":{"line":15,"column":19}},"type":"if","locations":[{"start":{"line":15,"column":2},"end":{"line":15,"column":19}},{"start":{},"end":{}}],"line":15},"1":{"loc":{"start":{"line":16,"column":2},"end":{"line":16,"column":21}},"type":"if","locations":[{"start":{"line":16,"column":2},"end":{"line":16,"column":21}},{"start":{},"end":{}}],"line":16}},"s":{"0":2,"1":3,"2":2,"3":4,"4":2,"5":2,"6":2,"7":2,"8":2,"9":2,"10":2,"11":2,"12":10,"13":0,"14":10,"15":2,"16":8,"17":2,"18":2},"f":{"0":3,"1":4,"2":2,"3":2,"4":2,"5":2,"6":10,"7":2},"b":{"0":[0,10],"1":[2,8]},"_coverageSchema":"1a1c01bbd47fc00a2c39e90264f33305004495a9","hash":"505eab69a7436223c9bf8c68ab4240a0cf5244a5"}
}
