TN:
SF:src\Components\Content\Checkout\Checkout.jsx
FN:15,Checkout
FN:20,(anonymous_1)
FN:32,(anonymous_2)
FN:52,(anonymous_3)
FN:71,(anonymous_4)
FN:72,(anonymous_5)
FN:116,(anonymous_6)
FN:288,(anonymous_7)
FN:318,(anonymous_8)
FN:484,(anonymous_9)
FNF:10
FNH:3
FNDA:2,Checkout
FNDA:2,(anonymous_1)
FNDA:1,(anonymous_2)
FNDA:0,(anonymous_3)
FNDA:0,(anonymous_4)
FNDA:0,(anonymous_5)
FNDA:0,(anonymous_6)
FNDA:0,(anonymous_7)
FNDA:0,(anonymous_8)
FNDA:0,(anonymous_9)
DA:16,2
DA:18,2
DA:20,2
DA:21,2
DA:22,2
DA:32,2
DA:33,1
DA:34,1
DA:37,1
DA:38,1
DA:40,1
DA:47,2
DA:52,0
DA:72,0
DA:73,0
DA:74,0
DA:116,0
DA:289,0
DA:318,0
DA:485,0
LF:20
LH:12
BRDA:21,0,0,2
BRDA:21,0,1,0
BRDA:97,1,0,1
BRDA:97,1,1,1
BRDA:297,2,0,0
BRDA:297,2,1,1
BRF:6
BRH:4
end_of_record
TN:
SF:src\Components\Content\Productos\Productos.jsx
FN:5,Productos
FNF:1
FNH:1
FNDA:1,Productos
DA:6,1
LF:1
LH:1
BRDA:9,0,0,1
BRDA:9,0,1,0
BRF:2
BRH:1
end_of_record
TN:
SF:src\Components\Content\Productos\carnes.jsx
FN:18,Democarta
FN:53,(anonymous_1)
FN:59,(anonymous_2)
FN:59,(anonymous_3)
FN:67,(anonymous_4)
FN:104,(anonymous_5)
FN:153,(anonymous_6)
FN:155,(anonymous_7)
FN:179,(anonymous_8)
FN:191,(anonymous_9)
FNF:10
FNH:3
FNDA:2,Democarta
FNDA:2,(anonymous_1)
FNDA:0,(anonymous_2)
FNDA:0,(anonymous_3)
FNDA:0,(anonymous_4)
FNDA:0,(anonymous_5)
FNDA:0,(anonymous_6)
FNDA:0,(anonymous_7)
FNDA:16,(anonymous_8)
FNDA:0,(anonymous_9)
DA:22,2
DA:51,2
DA:53,2
DA:54,2
DA:59,2
DA:62,0
DA:63,0
DA:64,0
DA:67,2
DA:68,0
DA:70,0
DA:72,0
DA:76,0
DA:79,2
DA:105,0
DA:106,0
DA:107,0
DA:154,0
DA:155,0
DA:156,0
DA:158,0
DA:180,16
DA:181,16
DA:192,0
LF:24
LH:9
BRDA:54,0,0,0
BRDA:54,0,1,2
BRDA:106,1,0,0
BRDA:106,1,1,0
BRDA:156,2,0,0
BRDA:156,2,1,0
BRDA:180,3,0,16
BRDA:180,3,1,0
BRF:8
BRH:2
end_of_record
TN:
SF:src\Components\Content\Supermercados\Supermercados.jsx
FN:36,Supermercados
FN:59,(anonymous_1)
FN:61,(anonymous_2)
FNF:3
FNH:2
FNDA:1,Supermercados
FNDA:12,(anonymous_1)
FNDA:0,(anonymous_2)
DA:21,1
DA:40,1
DA:43,1
DA:60,12
DA:61,0
LF:5
LH:4
BRF:0
BRH:0
end_of_record
TN:
SF:src\Components\Header\HeaderComponent.jsx
FN:28,HeaderComponent
FN:35,(anonymous_1)
FN:71,(anonymous_2)
FN:96,(anonymous_3)
FN:96,(anonymous_4)
FN:113,(anonymous_5)
FN:124,(anonymous_6)
FNF:7
FNH:1
FNDA:1,HeaderComponent
FNDA:0,(anonymous_1)
FNDA:0,(anonymous_2)
FNDA:0,(anonymous_3)
FNDA:0,(anonymous_4)
FNDA:0,(anonymous_5)
FNDA:0,(anonymous_6)
DA:29,1
DA:31,1
DA:35,0
DA:72,0
DA:96,0
DA:114,0
DA:124,0
LF:7
LH:2
BRF:0
BRH:0
end_of_record
TN:
SF:src\utils\metodosAritmeticos.jsx
FN:2,(anonymous_0)
FN:4,(anonymous_1)
FN:6,(anonymous_2)
FN:8,(anonymous_3)
FN:10,(anonymous_4)
FN:12,(anonymous_5)
FN:14,factorial1
FN:20,(anonymous_7)
FNF:8
FNH:8
FNDA:2,(anonymous_0)
FNDA:3,(anonymous_1)
FNDA:2,(anonymous_2)
FNDA:2,(anonymous_3)
FNDA:2,(anonymous_4)
FNDA:2,(anonymous_5)
FNDA:10,factorial1
FNDA:2,(anonymous_7)
DA:2,2
DA:4,3
DA:6,2
DA:8,2
DA:10,2
DA:12,2
DA:15,10
DA:16,10
DA:17,8
DA:20,2
LF:10
LH:10
BRDA:2,0,0,0
BRDA:2,0,1,2
BRDA:4,1,0,0
BRDA:4,1,1,3
BRDA:6,2,0,0
BRDA:6,2,1,2
BRDA:8,3,0,0
BRDA:8,3,1,2
BRDA:10,4,0,0
BRDA:10,4,1,2
BRDA:12,5,0,0
BRDA:12,5,1,2
BRDA:15,6,0,0
BRDA:15,6,1,10
BRDA:16,7,0,2
BRDA:16,7,1,8
BRDA:20,8,0,0
BRDA:20,8,1,2
BRF:18
BRH:10
end_of_record
