TN:
SF:src\Components\Content\Checkout\Checkout.jsx
FN:15,Checkout
FN:20,(anonymous_1)
FN:32,(anonymous_2)
FNF:3
FNH:3
FNDA:4,Checkout
FNDA:4,(anonymous_1)
FNDA:2,(anonymous_2)
DA:16,4
DA:18,4
DA:20,4
DA:21,4
DA:22,4
DA:32,4
DA:33,2
DA:34,2
DA:37,2
DA:38,2
DA:40,2
LF:11
LH:11
BRDA:21,0,0,4
BRDA:21,0,1,0
BRF:2
BRH:1
end_of_record
TN:
SF:src\Components\Content\Productos\Productos.jsx
FN:5,Productos
FNF:1
FNH:1
FNDA:1,Productos
DA:6,1
LF:1
LH:1
BRDA:9,0,0,1
BRDA:9,0,1,0
BRF:2
BRH:1
end_of_record
TN:
SF:src\Components\Content\Productos\carnes.jsx
FN:18,Democarta
FN:53,(anonymous_1)
FN:59,(anonymous_2)
FN:59,(anonymous_3)
FNF:4
FNH:2
FNDA:4,Democarta
FNDA:4,(anonymous_1)
FNDA:0,(anonymous_2)
FNDA:0,(anonymous_3)
DA:22,4
DA:51,4
DA:53,4
DA:54,4
DA:59,4
LF:5
LH:5
BRDA:54,0,0,0
BRDA:54,0,1,4
BRF:2
BRH:1
end_of_record
TN:
SF:src\Components\Content\Supermercados\Supermercados.jsx
FN:36,Supermercados
FN:60,(anonymous_1)
FN:62,(anonymous_2)
FNF:3
FNH:2
FNDA:1,Supermercados
FNDA:12,(anonymous_1)
FNDA:0,(anonymous_2)
DA:21,1
DA:44,1
DA:61,12
DA:63,0
LF:4
LH:3
BRF:0
BRH:0
end_of_record
TN:
SF:src\Components\Header\HeaderComponent.jsx
FN:28,HeaderComponent
FNF:1
FNH:1
FNDA:1,HeaderComponent
DA:29,1
LF:1
LH:1
BRF:0
BRH:0
end_of_record
TN:
SF:src\utils\metodosAritmeticos.jsx
FN:2,(anonymous_0)
FN:4,(anonymous_1)
FN:6,(anonymous_2)
FN:8,(anonymous_3)
FN:10,(anonymous_4)
FN:12,(anonymous_5)
FNF:6
FNH:6
FNDA:3,(anonymous_0)
FNDA:4,(anonymous_1)
FNDA:2,(anonymous_2)
FNDA:2,(anonymous_3)
FNDA:2,(anonymous_4)
FNDA:2,(anonymous_5)
DA:2,3
DA:4,4
DA:6,2
DA:8,2
DA:10,2
DA:12,2
LF:6
LH:6
BRF:0
BRH:0
end_of_record
